::1 - - [02/Dec/2021:11:23:10 +0100] "GET / HTTP/1.1" 200 309
::1 - - [02/Dec/2021:11:24:10 +0100] "-" 408 -
127.0.0.1 - - [02/Dec/2021:11:24:16 +0100] "-" 408 -
127.0.0.1 - - [02/Dec/2021:11:24:22 +0100] "-" 408 -
::1 - - [02/Dec/2021:13:11:51 +0100] "GET / HTTP/1.1" 200 357
::1 - - [02/Dec/2021:13:12:02 +0100] "GET /phpmyadmin/ HTTP/1.1" 200 1530
::1 - - [02/Dec/2021:13:12:21 +0100] "GET /phpmyadmin/ HTTP/1.1" 200 1530
::1 - - [02/Dec/2021:13:12:28 +0100] "GET /phpmyadmin/index.php HTTP/1.1" 200 131
::1 - - [02/Dec/2021:13:13:24 +0100] "GET /phpmyadmin/index.php HTTP/1.1" 200 131
::1 - - [02/Dec/2021:13:13:25 +0100] "GET /phpmyadmin/index.php HTTP/1.1" 200 131
::1 - - [02/Dec/2021:13:13:26 +0100] "GET /phpmyadmin/index.php HTTP/1.1" 200 131
::1 - - [02/Dec/2021:13:13:26 +0100] "GET /phpmyadmin/index.php HTTP/1.1" 200 131
::1 - - [02/Dec/2021:13:13:27 +0100] "GET /phpmyadmin/index.php HTTP/1.1" 200 131
::1 - - [02/Dec/2021:13:14:10 +0100] "GET /phpmyadmin/index.php HTTP/1.1" 200 131
::1 - - [02/Dec/2021:13:14:11 +0100] "GET /phpmyadmin/index.php HTTP/1.1" 200 131
::1 - - [02/Dec/2021:13:14:12 +0100] "GET /phpmyadmin/index.php HTTP/1.1" 200 131
::1 - - [02/Dec/2021:13:14:12 +0100] "GET /phpmyadmin/index.php HTTP/1.1" 200 131
::1 - - [02/Dec/2021:13:14:12 +0100] "GET /phpmyadmin/index.php HTTP/1.1" 200 131
::1 - - [02/Dec/2021:13:14:13 +0100] "GET /phpmyadmin/index.php HTTP/1.1" 200 131
::1 - - [02/Dec/2021:13:14:22 +0100] "GET / HTTP/1.1" 200 357
::1 - - [02/Dec/2021:13:14:24 +0100] "GET /phpmyadmin/ HTTP/1.1" 200 1530
::1 - - [02/Dec/2021:13:14:27 +0100] "GET /phpmyadmin/index.php HTTP/1.1" 200 131
::1 - - [02/Dec/2021:13:15:18 +0100] "-" 408 -
::1 - - [02/Dec/2021:13:17:24 +0100] "GET /phpmyadmin/index.php HTTP/1.1" 200 131
::1 - - [02/Dec/2021:13:17:25 +0100] "GET /phpmyadmin/index.php HTTP/1.1" 200 131
::1 - - [02/Dec/2021:13:17:35 +0100] "GET /phpmyadmin/index.php HTTP/1.1" 200 131
::1 - - [02/Dec/2021:13:18:13 +0100] "GET /phpmyadmin/index.php HTTP/1.1" 200 131
